t=2 0
t=5 2
t=9 3
t=13 3
t=15 3
t=16 3
t=17 6
t=20 6
t=23 6
t=25 6
t=26 6
t=27 12
t=31 12
t=34 14
t=36 12
t=40 14
t=41 16
t=45 16
t=47 16
t=49 17
t=51 18
t=53 19
t=55 20
t=57 23
t=60 25
t=64 25
t=67 27
t=69 29
t=72 31
t=76 31
t=78 31
t=81 31
t=83 0
t=85 4
t=88 6
t=93 4
t=94 8
t=97 9
t=103 10
t=104 10
t=105 10
t=107 10
t=108 10
t=109 13
t=111 13
t=114 15
t=117 17
t=122 18
t=125 20
t=128 21
t=132 22
t=134 25
t=140 23
t=141 23
t=143 25
t=144 25
t=146 26
t=150 27
t=153 31
t=156 31
t=158 31
t=160 31
t=163 3
t=166 3
t=169 5
t=173 5
t=174 5
t=177 5
t=179 7
t=180 7
t=182 12
t=189 13
t=193 14
t=195 14
t=197 14
t=199 14
t=202 18
t=204 19
t=208 20
t=210 22
t=215 23
t=218 25
t=220 25
t=224 25
t=225 25
t=227 25
t=228 25
t=229 27
t=231 30
t=233 2
t=236 2
t=238 5
t=243 5
t=245 5
t=246 9
t=251 10
t=255 10
t=256 11
t=257 11
t=260 15
t=262 15
t=264 15
t=266 15
t=268 19
t=272 19
t=275 19
t=276 23
t=283 24
t=285 25
t=286 27
t=287 26
t=289 27
t=294 28
t=296 30
t=300 31
t=302 31
t=304 31
t=306 31
t=308 3
t=312 4
t=316 6
t=319 5
t=321 7
t=325 9
t=326 8
t=327 9
t=329 9
t=330 9
t=331 9
t=332 9
t=334 11
t=336 15
t=339 15
t=343 17
t=346 19
t=349 19
t=352 22
t=355 23
t=359 24
t=361 24
t=364 27
t=369 28
t=371 28
t=373 28
t=374 28
t=375 28
t=377 29
t=380 2
t=382 2
t=386 5
t=389 5
t=391 5
t=393 5
t=395 9
t=399 9
t=402 12
t=406 12
t=408 12
t=410 12
t=412 12
t=413 13
t=416 15
t=418 19
t=421 21
t=426 20
t=427 21
t=430 21
t=432 23
t=435 26
t=440 27
t=444 28
t=448 30
t=451 0
t=453 30
t=457 1
t=460 3
t=462 3
t=467 6
t=471 7
t=473 7
t=476 9
t=478 9
t=481 12
t=484 13
t=488 14
t=491 14
t=492 14
t=494 18
t=496 19
t=498 19
t=502 20
t=505 20
t=506 24
t=510 25
t=516 26
t=518 27
t=519 27
t=520 30
t=521 27
t=523 31
t=524 2
t=530 2
t=531 31
t=533 1
t=534 2
t=535 3
t=538 4
t=540 5
t=542 5
t=543 5
t=544 5
t=547 6
t=552 9
t=554 9
t=556 9
t=561 13
t=564 14
t=568 15
t=571 17
t=575 16
t=576 20
t=578 19
t=579 22
t=584 22
t=585 22
t=587 22
t=589 22
t=590 22
t=591 26
t=596 26
t=597 26
t=598 28
t=600 28
t=602 0
t=606 0
t=609 1
t=611 3
t=615 3
t=617 3
t=620 3
t=622 3
t=623 3
t=624 3
t=626 4
t=627 4
t=629 12
t=635 14
t=638 15
t=641 16
t=644 16
t=646 16
t=648 16
t=649 21
t=654 21
t=656 21
t=659 21
t=661 27
t=664 28
t=667 30
t=671 30
t=673 30
t=675 31
t=677 1
t=679 3
t=682 3
t=685 5
t=687 5
t=690 7
t=692 7
t=694 7
t=697 10
t=699 10
t=701 10
t=703 10
t=705 14
t=709 14
t=711 14
t=714 19
t=717 19
t=719 21
t=723 21
t=726 21
t=728 21
t=730 27
t=733 27
t=735 29
t=740 30
t=742 31
t=746 0
t=749 31
t=751 0
t=752 0
t=753 2
t=755 4
t=757 8
t=760 10
t=764 11
t=768 12
t=770 13
t=774 16
t=779 14
t=781 14
t=782 17
t=783 18
t=785 18
t=786 21
t=789 22
t=791 23
t=795 23
t=796 23
t=798 25
t=800 29
t=803 29
t=806 31
t=809 0
t=811 0
t=813 0
t=815 0
t=818 4
t=820 4
t=822 4
t=824 4
t=827 4
t=828 9
t=832 9
t=834 9
t=836 11
t=838 11
t=841 15
t=844 17
t=848 17
t=850 17
t=852 17
t=854 22
t=858 23
t=862 24
t=864 24
t=867 24
t=868 24
t=870 24
t=871 24
t=873 27
t=875 31
t=878 1
t=882 2
t=886 2
t=888 4
t=889 4
t=890 7
t=896 6
t=898 7
t=899 7
t=900 7
t=902 8
t=903 8
t=904 8
t=907 12
t=910 14
t=913 16
t=917 17
t=920 17
t=922 21
t=926 21
t=929 21
t=930 21
t=932 21
t=934 24
t=936 27
t=939 29
t=943 30
t=946 31
t=949 31
t=951 31
t=952 0
t=954 4
t=957 5
t=961 6
t=963 9
t=969 7
t=970 11
t=972 11
t=973 11
t=980 15
t=983 15
t=985 17
t=990 18
t=993 18
t=994 18
t=996 18
t=997 18
t=998 24
t=1004 24
t=1006 24
t=1008 24
t=1011 24
t=1012 24
t=1014 24
t=1015 24
t=1017 27
t=1019 1
t=1022 2
t=1025 2
t=1027 2
t=1029 2
t=1031 6
t=1034 6
t=1036 6
t=1039 8
t=1042 11
t=1045 11
t=1047 11
t=1049 11
t=1053 15
t=1056 16
t=1060 17
t=1063 18
t=1066 18
t=1067 18
t=1069 18
t=1070 18
t=1074 24
t=1077 25
t=1080 25
t=1082 25
t=1084 25
t=1086 25
t=1088 25
t=1089 31
t=1094 1
t=1100 0
t=1101 3
t=1102 1
t=1103 4
t=1104 4
t=1106 7
t=1111 4
t=1113 7
t=1115 7
t=1118 8
t=1121 8
t=1122 8
t=1124 8
t=1126 8
t=1127 12
t=1129 16
t=1131 18
t=1134 20
t=1138 20
t=1141 20
t=1142 23
t=1144 23
t=1147 25
t=1151 27
t=1155 28
t=1157 30
t=1162 31
t=1164 31
t=1166 31
t=1167 31
t=1168 31
t=1170 6
t=1173 7
t=1175 9
t=1180 8
t=1181 10
t=1184 10
t=1187 10
t=1188 10
t=1192 14
t=1194 15
t=1196 17
t=1199 19
t=1202 21
t=1207 19
t=1208 22
t=1210 21
t=1211 25
t=1217 25
t=1218 26
t=1220 27
t=1221 28
t=1225 29
t=1228 29
t=1230 29
t=1231 29
t=1232 29
t=1233 29
t=1234 3
t=1238 5
t=1243 3
t=1244 4
t=1247 5
t=1248 8
t=1250 5
t=1251 9
t=1255 11
t=1259 10
t=1260 11
t=1262 12
t=1263 12
t=1264 12
t=1266 12
t=1267 15
t=1270 15
t=1273 15
t=1274 15
t=1277 20
t=1279 21
t=1281 21
t=1283 21
t=1285 21
t=1288 25
t=1290 25
t=1292 25
t=1295 29
t=1298 29
t=1301 31
t=1305 31
t=1306 1
t=1311 1
t=1313 1
t=1314 1
t=1315 1
t=1318 3
t=1321 8
t=1324 10
t=1328 10
t=1330 11
t=1334 11
t=1336 11
t=1345 14
t=1347 17
t=1350 18
t=1353 18
t=1355 18
t=1358 18
t=1360 18
t=1361 22
t=1363 22
t=1365 22
t=1368 22
t=1373 27
t=1376 28
t=1379 29
t=1382 29
t=1384 29
t=1386 31
t=1389 0
t=1394 2
t=1397 3
t=1400 5
t=1405 6
t=1407 7
t=1409 8
t=1410 8
t=1412 8
t=1414 8
t=1417 8
t=1419 8
t=1420 8
t=1421 15
t=1427 16
t=1428 19
t=1433 15
t=1434 15
t=1437 20
t=1439 20
t=1440 23
t=1442 25
t=1446 27
t=1447 29
t=1452 30
t=1456 30
t=1457 0
t=1462 0
t=1463 2
t=1464 2
t=1466 2
t=1469 5
t=1471 7
t=1474 8
t=1478 9
t=1479 10
t=1483 10
t=1485 10
t=1487 10
t=1488 10
t=1489 11
t=1491 11
t=1494 16
t=1497 16
t=1499 16
t=1501 16
t=1503 20
t=1507 21
t=1511 21
t=1512 21
t=1515 23
t=1517 24
t=1519 27
t=1522 27
t=1524 27
t=1526 27
t=1529 31
t=1531 1
t=1535 2
t=1539 4
t=1543 4
t=1545 8
t=1546 9
t=1550 9
t=1551 9
t=1554 9
t=1555 11
t=1557 14
t=1560 16
t=1565 15
t=1566 19
t=1572 17
t=1574 18
t=1575 21
t=1576 22
t=1579 22
t=1581 22
t=1582 22
t=1583 27
t=1588 28
t=1590 28
t=1591 30
t=1596 31
t=1599 31
t=1601 1
t=1602 1
t=1603 1
t=1605 3
t=1611 5
t=1614 6
t=1618 7
t=1621 7
t=1622 9
t=1624 10
t=1627 12
t=1631 12
t=1632 13
t=1636 14
t=1639 16
t=1641 15
t=1642 16
t=1643 16
t=1644 16
t=1646 16
t=1647 16
t=1648 16
t=1650 22
t=1654 22
t=1657 22
t=1658 22
t=1662 27
t=1664 27
t=1669 29
t=1671 29
t=1673 29
t=1675 29
t=1677 1
t=1681 2
t=1685 3
t=1687 3
t=1689 3
t=1691 3
t=1692 3
t=1693 4
t=1696 9
t=1699 11
t=1704 10
t=1705 11
t=1707 12
t=1708 14
t=1713 15
t=1715 17
t=1720 16
t=1722 17
t=1723 17
t=1724 17
t=1725 17
t=1727 23
t=1730 23
t=1733 23
t=1735 27
t=1738 28
t=1740 28
t=1742 28
t=1744 28
t=1746 28
t=1749 1
t=1752 1
t=1754 1
t=1756 1
t=1758 5
t=1762 5
t=1764 5
t=1767 8
t=1769 9
t=1772 10
t=1778 11
t=1780 12
t=1781 14
t=1782 15
t=1783 16
t=1785 16
t=1786 17
t=1790 17
t=1791 17
t=1795 20
t=1797 21
t=1801 23
t=1804 23
t=1807 25
t=1811 27
t=1815 25
t=1816 27
t=1818 27
t=1819 27
t=1820 31
t=1824 31
t=1826 31
t=1827 31
t=1828 4
t=1832 4
t=1835 5
t=1838 8
t=1843 8
t=1844 8
t=1847 8
t=1848 8
t=1850 12
t=1852 16
t=1855 17
t=1859 18
t=1862 18
t=1863 19
t=1865 21
t=1867 23
t=1871 23
t=1874 23
t=1875 23
t=1878 24
t=1879 24
t=1881 27
t=1886 30
t=1889 31
t=1892 31
t=1897 1
t=1899 2
t=1904 4
t=1907 4
t=1910 6
t=1912 6
t=1915 8
t=1922 10
t=1925 10
t=1927 10
t=1933 13
t=1936 15
t=1939 16
t=1942 16
t=1945 16
t=1946 16
t=1948 16
t=1949 21
t=1954 21
t=1957 23
t=1961 25
t=1965 25
t=1967 25
t=1968 25
t=1969 25
t=1973 0
t=1976 1
t=1978 1
t=1981 4
t=1984 5
t=1987 6
t=1990 6
t=1992 10
t=1996 11
t=2000 13
t=2004 13
t=2005 15
t=2007 17
t=2010 17
t=2011 17
t=2013 17
t=2016 17
t=2017 19
t=2019 23
t=2022 24
t=2026 25
t=2028 26
t=2031 26
t=2033 28
t=2038 29
t=2041 29
t=2043 29
t=2044 29
t=2045 29
t=2047 1
t=2049 6
t=2052 7
t=2055 7
t=2058 7
t=2059 7
t=2064 12
t=2067 14
t=2071 14
t=2074 14
t=2076 14
t=2077 17
t=2079 17
t=2081 17
t=2084 21
t=2090 23
t=2093 24
t=2097 25
t=2100 26
t=2103 27
t=2106 28
t=2108 29
t=2112 30
t=2114 0
t=2115 1
t=2116 1
t=2118 1
t=2119 1
t=2120 1
t=2124 6
t=2127 6
t=2130 8
t=2134 8
t=2135 10
t=2137 10
t=2138 13
t=2144 12
t=2145 13
t=2147 13
t=2148 13
t=2149 13
t=2151 18
t=2154 19
t=2157 19
t=2159 19
t=2161 19
t=2163 24
t=2167 24
t=2169 26
t=2173 26
t=2175 26
t=2178 26
t=2180 26
t=2183 30
t=2185 2
t=2188 3
t=2192 4
t=2195 4
t=2196 4
t=2198 4
t=2199 6
t=2202 9
t=2204 9
t=2206 9
t=2210 12
t=2212 12
t=2214 12
t=2217 16
t=2222 17
t=2224 17
t=2227 20
t=2231 22
t=2234 22
t=2237 25
t=2244 27
t=2250 29
t=2253 30
t=2257 31
t=2260 0
t=2263 1
t=2265 3
t=2268 3
t=2271 5
t=2275 6
t=2277 6
t=2279 6
t=2282 6
t=2284 6
t=2285 6
t=2287 9
t=2289 14
t=2292 14
t=2294 16
t=2298 18
t=2302 19
t=2304 19
t=2306 20
t=2308 23
t=2313 24
t=2315 24
t=2317 24
t=2321 27
t=2324 28
t=2326 28
t=2328 28
t=2331 31
t=2333 31
t=2335 31
t=2337 31
t=2339 3
t=2343 3
t=2345 3
t=2347 3
t=2352 4
t=2356 9
t=2359 10
t=2362 10
t=2365 10
t=2367 15
t=2371 16
t=2373 16
t=2375 16
t=2377 16
t=2379 20
t=2383 21
t=2387 22
t=2389 23
t=2393 23
t=2394 23
t=2396 23
t=2397 25
t=2401 27
t=2403 30
t=2406 31
t=2410 0
t=2412 0
t=2415 3
t=2419 4
t=2425 5
t=2427 5
t=2429 5
t=2432 8
t=2435 10
t=2438 10
t=2440 10
t=2442 10
t=2444 14
t=2448 16
t=2453 17
t=2456 18
t=2459 17
t=2460 18
t=2462 18
t=2463 18
t=2464 20
t=2467 25
t=2470 26
t=2473 28
t=2477 28
t=2479 28
t=2480 0
t=2485 1
t=2489 4
t=2494 6
t=2498 6
t=2500 6
t=2501 6
t=2503 9
t=2506 10
t=2511 13
t=2513 13
t=2516 15
t=2519 17
t=2522 17
t=2524 17
t=2526 17
t=2529 17
t=2532 22
t=2535 24
t=2539 26
t=2544 27
t=2546 29
t=2551 29
t=2553 29
t=2554 29
t=2556 31
t=2558 1
t=2560 2
t=2562 4
t=2565 5
t=2569 6
t=2571 6
t=2573 7
t=2577 7
t=2579 7
t=2580 7
t=2581 7
t=2582 7
t=2583 14
t=2587 14
t=2590 15
t=2593 16
t=2596 18
t=2600 18
t=2601 22
t=2602 25
t=2608 22
t=2609 22
t=2611 25
t=2613 26
t=2617 27
t=2619 28
t=2623 29
t=2625 30
t=2626 31
t=2627 0
t=2629 0
t=2630 2
t=2631 2
t=2635 5
t=2637 7
t=2640 8
t=2642 9
t=2646 10
t=2649 11
t=2651 11
t=2652 11
t=2654 15
t=2657 15
t=2659 15
t=2661 15
t=2664 15
t=2665 20
t=2669 20
t=2671 22
t=2673 22
t=2676 25
t=2679 26
t=2683 27
t=2686 28
t=2689 30
t=2693 0
t=2697 30
t=2699 1
t=2700 3
t=2701 5
t=2703 5
t=2704 5
t=2707 5
t=2709 5
t=2710 6
t=2714 10
t=2717 11
t=2720 12
t=2724 14
t=2728 15
t=2731 15
t=2732 17
t=2734 18
t=2735 18
t=2736 18
t=2739 18
t=2740 18
t=2742 18
t=2744 24
t=2747 26
t=2752 25
t=2753 26
t=2756 26
t=2758 26
t=2760 30
t=2762 0
t=2765 2
t=2769 3
t=2772 4
t=2774 4
t=2776 4
t=2780 4
t=2781 4
t=2782 4
t=2783 4
t=2785 11
t=2789 12
t=2792 12
t=2794 12
t=2797 12
t=2799 12
t=2800 12
t=2801 12
t=2804 19
t=2807 20
t=2811 21
t=2814 21
t=2815 23
t=2817 24
t=2823 25
t=2825 26
t=2827 29
t=2828 26
t=2829 29
t=2832 29
t=2834 29
t=2835 29
t=2838 3
t=2841 3
t=2843 5
t=2848 6
t=2851 7
t=2854 7
t=2856 7
t=2857 8
t=2862 9
t=2864 11
t=2866 14
t=2869 16
t=2873 16
t=2876 20
t=2879 21
t=2882 23
t=2887 24
t=2890 24
t=2892 26
t=2893 26
t=2894 26
t=2896 30
t=2899 31
t=2902 31
t=2907 3
t=2910 4
t=2914 5
t=2916 7
t=2919 9
t=2923 10
t=2927 10
t=2928 13
t=2933 14
t=2936 15
t=2940 17
t=2943 19
t=2948 18
t=2949 21
t=2951 23
t=2957 24
t=2961 24
t=2963 24
t=2964 24
t=2965 24
t=2966 0
t=2970 0
t=2973 0
t=2974 0
t=2977 0
t=2978 0
t=2980 0
t=2981 6
t=2986 9
t=2990 7
t=2991 9
t=2994 9
t=2995 9
t=2998 9
t=3000 9
t=3001 9
t=3003 11
t=3005 16
t=3008 17
t=3011 17
t=3013 17
t=3016 17
t=3022 18
t=3024 22
t=3028 24
t=3031 24
t=3034 26
t=3037 26
t=3039 26
t=3042 27
t=3045 31
t=3048 0
t=3052 1
t=3054 3
t=3059 4
t=3062 5
t=3064 5
t=3065 6
t=3066 6
t=3068 10
t=3071 10
t=3074 10
t=3075 10
t=3077 10
t=3080 16
t=3083 17
t=3086 17
t=3089 19
t=3092 20
t=3094 20
t=3099 22
t=3101 22
t=3103 22
t=3105 22
t=3107 26
t=3111 28
t=3115 30
t=3120 0
t=3124 31
t=3126 0
t=3127 0
t=3128 3
t=3130 3
t=3131 3
t=3132 3
t=3133 3
t=3135 7
t=3140 7
t=3141 8
t=3144 8
t=3147 8
t=3149 8
t=3151 14
t=3153 14
t=3157 16
t=3159 16
t=3161 16
t=3163 16
t=3166 16
t=3169 21
t=3172 22
t=3175 22
t=3178 23
t=3182 26
t=3186 28
t=3189 28
t=3191 30
t=3194 31
t=3198 31
t=3200 1
t=3202 2
t=3203 4
t=3207 5
t=3211 5
t=3213 5
t=3216 8
t=3219 9
t=3221 11
t=3225 13
t=3228 15
t=3232 16
t=3236 17
t=3239 17
t=3240 17
t=3242 17
t=3243 17
t=3244 23
t=3251 24
t=3252 24
t=3253 24
t=3255 24
t=3256 27
t=3260 27
t=3263 27
t=3264 30
t=3267 1
t=3271 3
t=3274 3
t=3277 5
t=3281 5
t=3283 7
t=3284 7
t=3285 7
t=3287 7
t=3289 11
t=3293 11
t=3295 14
t=3300 14
t=3302 14
t=3306 19
t=3308 21
t=3311 22
t=3314 22
t=3317 23
t=3321 26
t=3324 27
t=3328 28
t=3330 30
t=3333 30
t=3335 0
t=3340 1
t=3343 1
t=3344 1
t=3346 1
t=3347 2
t=3350 3
t=3352 7
t=3355 7
t=3357 7
t=3359 7
t=3361 11
t=3365 11
t=3368 14
t=3373 16
t=3377 17
t=3379 19
t=3381 20
t=3382 18
t=3383 21
t=3385 20
t=3389 23
t=3391 24
t=3392 27
t=3396 28
t=3398 28
t=3401 28
t=3402 28
t=3405 1
t=3407 0
t=3408 1
t=3409 1
t=3411 3
t=3414 3
t=3417 3
t=3418 3
t=3422 9
t=3425 10
t=3429 11
t=3431 11
t=3436 16
t=3439 16
t=3442 19
t=3445 19
t=3447 22
t=3452 22
t=3454 24
t=3457 27
t=3460 28
t=3464 29
t=3468 30
t=3470 30
t=3472 30
t=3475 1
t=3479 2
t=3481 2
t=3483 2
t=3485 2
t=3490 6
t=3493 7
t=3497 8
t=3499 10
t=3504 9
t=3506 10
t=3507 10
t=3508 10
t=3509 10
t=3511 10
t=3512 16
t=3517 16
t=3520 17
t=3523 21
t=3526 22
t=3529 23
t=3533 24
t=3536 26
t=3540 26
t=3542 26
t=3543 26
t=3544 26
t=3545 26
t=3547 1
t=3551 2
t=3553 3
t=3558 4
t=3560 6
t=3565 4
t=3566 7
t=3568 7
t=3569 7
t=3570 7
t=3571 7
t=3573 7
t=3574 7
t=3575 14
t=3581 14
t=3586 16
t=3589 19
t=3592 19
t=3594 19
t=3597 23
t=3600 23
t=3602 23
t=3605 26
t=3607 26
t=3611 28
t=3615 30
t=3618 0
t=3623 30
t=3624 1
t=3626 1
t=3630 4
t=3632 4
t=3633 7
t=3636 7
t=3639 7
t=3640 7
t=3642 7
t=3643 12
t=3651 14
t=3654 15
t=3656 15
t=3658 15
t=3661 18
t=3663 18
t=3666 21
t=3670 23
t=3673 24
t=3676 24
t=3680 25
t=3683 28
t=3687 29
t=3690 30
t=3692 31
t=3696 1
t=3700 0
t=3702 2
t=3703 2
t=3704 2
t=3705 6
t=3707 7
t=3711 8
t=3714 8
t=3715 8
t=3718 9
t=3720 10
t=3721 11
t=3722 13
t=3725 17
t=3730 16
t=3731 18
t=3734 18
t=3737 18
t=3738 18
t=3741 24
t=3744 26
t=3749 25
t=3750 28
t=3752 26
t=3757 30
t=3759 30
t=3763 30
t=3765 30
t=3766 30
t=3767 30
t=3769 30
t=3770 31
t=3771 31
t=3773 7
t=3776 8
t=3779 9
t=3781 10
t=3785 10
t=3787 10
t=3789 10
t=3790 10
t=3792 14
t=3794 16
t=3797 16
t=3800 18
t=3802 18
t=3804 18
t=3806 18
t=3809 18
t=3810 23
t=3814 26
t=3820 25
t=3821 27
t=3823 28
t=3824 29
t=3827 29
t=3830 29
t=3832 29
t=3833 29
t=3834 30
t=3836 3
t=3840 4
t=3843 5
t=3845 5
t=3847 5
t=3850 8
t=3853 9
t=3855 9
t=3857 9
t=3859 9
t=3864 13
t=3866 13
t=3869 15
t=3871 15
t=3873 15
t=3877 18
t=3879 18
t=3881 18
t=3883 18
t=3886 23
t=3889 22
t=3892 23
t=3893 25
t=3898 26
t=3901 27
t=3903 27
t=3904 30
t=3905 30
t=3908 30
t=3910 30
t=3911 30
t=3912 1
t=3915 1
t=3917 1
t=3920 5
t=3924 6
t=3926 6
t=3928 6
t=3931 9
t=3933 9
t=3936 11
t=3939 12
t=3941 12
t=3943 12
t=3945 12
t=3948 16
t=3951 17
t=3953 18
t=3957 20
t=3962 21
t=3964 18
t=3967 21
t=3969 21
t=3970 21
t=3971 21
t=3972 21
t=3974 25
t=3978 29
t=3981 31
t=3986 29
t=3987 31
t=3990 31
t=3992 1
t=3993 1
t=3994 1
t=3996 1
t=3997 5
t=4001 6
t=4005 7
t=4007 7
t=4009 7
t=4010 7
t=4011 9
t=4014 9
t=4017 9
t=4019 16
t=4022 17
t=4025 19
t=4030 20
t=4032 21
t=4034 23
t=4037 23
t=4038 23
t=4040 23
t=4042 23
t=4045 29
t=4049 30
t=4053 31
t=4059 0
t=4063 1
t=4065 1
t=4067 1
t=4069 1
t=4072 1
t=4073 6
t=4077 6
t=4079 6
t=4082 8
t=4084 10
t=4088 11
t=4090 11
t=4092 11
t=4095 14
t=4097 14
t=4099 14
t=4101 14
t=4106 18
t=4109 18
t=4114 20
t=4116 20
t=4119 22
t=4121 22
t=4123 22
t=4125 22
t=4128 26
t=4131 27
t=4136 29
t=4138 29
t=4140 29
t=4142 29
t=4144 29
t=4147 2
t=4150 2
t=4152 2
t=4154 2
t=4156 2
t=4158 7
t=4162 8
t=4166 10
t=4170 11
t=4172 13
t=4174 12
t=4176 13
t=4181 13
t=4183 13
t=4184 13
t=4185 13
t=4187 15
t=4188 15
t=4190 18
t=4194 23
t=4197 24
t=4201 25
t=4204 25
t=4205 25
t=4207 25
t=4208 25
t=4210 30
t=4214 0
t=4217 1
t=4221 2
t=4224 3
t=4227 3
t=4228 3
t=4229 3
t=4231 7
t=4234 7
t=4237 7
t=4238 7
t=4240 8
t=4243 13
t=4246 15
t=4251 13
t=4252 15
t=4255 15
t=4257 15
t=4258 15
t=4260 21
t=4263 21
t=4265 21
t=4267 21
t=4269 25
t=4273 27
t=4277 27
t=4279 27
t=4283 30
t=4286 1
t=4289 2
t=4293 3
t=4295 3
t=4297 3
t=4300 8
t=4302 8
t=4304 8
t=4307 11
t=4309 11
t=4311 11
t=4314 15
t=4317 15
t=4320 17
t=4324 18
t=4327 18
t=4328 18
t=4330 18
t=4334 20
t=4338 23
t=4340 23
t=4342 23
t=4345 26
t=4347 26
t=4350 29
t=4353 30
t=4356 31
t=4359 31
t=4361 31
t=4362 3
t=4367 3
t=4370 7
t=4372 3
t=4375 7
t=4380 7
t=4381 7
t=4382 7
t=4384 7
t=4385 7
t=4386 7
t=4388 15
t=4392 15
t=4393 15
t=4396 16
t=4399 18
t=4402 20
t=4406 19
t=4408 22
t=4412 22
t=4414 22
t=4415 22
t=4416 22
t=4418 22
t=4419 22
t=4420 22
t=4422 28
t=4423 28
t=4424 28
t=4427 31
t=4429 31
t=4431 31
t=4433 31
t=4436 31
t=4437 4
t=4443 5
t=4446 7
t=4449 8
t=4451 9
t=4455 12
t=4461 10
t=4462 15
t=4464 16
t=4467 17
t=4469 19
t=4472 20
t=4474 21
t=4478 22
t=4482 22
t=4484 23
t=4485 23
t=4486 23
t=4487 23
t=4490 26
t=4492 28
t=4495 28
t=4498 30
t=4502 31
t=4505 0
t=4507 1
t=4511 3
t=4513 3
t=4514 3
t=4515 3
t=4520 6
t=4522 8
t=4524 8
t=4526 8
t=4528 8
t=4531 12
t=4535 13
t=4537 13
t=4539 13
t=4541 13
t=4544 13
t=4546 18
t=4549 19
t=4553 20
t=4555 20
t=4557 21
t=4560 23
t=4564 24
t=4566 24
t=4567 24
t=4569 24
t=4570 24
t=4574 30
t=4577 30
t=4580 0
t=4583 0
t=4585 0
t=4587 1
t=4589 5
t=4592 6
t=4596 7
t=4599 8
t=4601 8
t=4604 8
t=4606 8
t=4607 8
t=4608 8
t=4609 9
t=4612 15
t=4615 17
t=4619 18
t=4622 18
t=4625 18
t=4628 23
t=4631 24
t=4634 26
t=4636 27
t=4641 29
t=4643 28
t=4644 29
t=4646 29
t=4649 29
t=4650 29
t=4653 30
t=4655 2
t=4658 4
t=4661 6
t=4665 7
t=4669 9
t=4673 11
t=4675 10
t=4676 14
t=4680 15
t=4682 13
t=4684 15
t=4686 15
t=4688 15
t=4689 15
t=4692 21
t=4695 23
t=4700 21
t=4701 24
t=4703 25
t=4706 26
t=4708 27
t=4711 30
t=4714 0
t=4720 0
t=4723 0
t=4724 0
t=4726 0
t=4727 0
t=4728 0
t=4731 2
t=4734 4
t=4736 9
t=4739 11
t=4744 10
t=4745 11
t=4748 11
t=4750 11
t=4751 11
t=4752 14
t=4754 14
t=4756 17
t=4760 19
t=4763 21
t=4767 22
t=4771 24
t=4775 25
t=4778 26
t=4780 27
t=4781 29
t=4782 30
t=4786 0
t=4788 0
t=4789 0
t=4791 3
t=4794 5
t=4799 4
t=4800 6
t=4804 8
t=4806 9
t=4807 11
t=4811 10
t=4812 11
t=4814 11
t=4816 11
t=4817 15
t=4821 15
t=4823 15
t=4826 15
t=4828 15
t=4829 15
t=4831 17
t=4833 22
t=4836 22
t=4838 24
t=4843 25
t=4846 27
t=4850 27
t=4851 27
t=4853 27
t=4854 2
t=4859 3
t=4863 4
t=4866 4
t=4868 4
t=4869 4
t=4870 4
t=4871 4
t=4874 11
t=4879 12
t=4881 12
t=4883 12
t=4885 12
t=4888 12
t=4889 17
t=4893 18
t=4897 19
t=4899 22
t=4901 20
t=4903 22
t=4905 22
t=4908 22
t=4909 27
t=4913 28
t=4917 29
t=4920 29
t=4922 29
t=4923 29
t=4924 30
t=4926 30
t=4928 3
t=4931 3
t=4933 3
t=4935 3
t=4937 7
t=4940 8
t=4942 9
t=4946 9
t=4949 9
t=4951 9
t=4952 9
t=4953 10
t=4955 15
t=4958 16
t=4962 17
t=4964 18
t=4967 19
t=4971 19
t=4973 19
t=4974 19
t=4975 19
t=4976 26
t=4980 26
t=4986 27
t=4988 29
t=4991 29
t=4993 29
t=4998 0
t=5000 0
t=5004 3
t=5007 4
t=5010 4
t=5013 7
t=5017 9
t=5020 9
t=5022 9
t=5024 9
t=5026 9
t=5028 14
t=5032 16
t=5037 15
t=5038 17
t=5042 19
t=5044 20
t=5045 21
t=5046 22
t=5050 23
t=5052 23
t=5053 23
t=5055 24
t=5057 27
t=5060 28
t=5063 28
t=5067 31
t=5069 31
t=5071 31
t=5073 31
t=5076 31
t=5077 4
t=5081 5
t=5084 5
t=5086 5
t=5088 5
t=5091 10
t=5094 12
t=5099 10
t=5100 12
t=5103 13
t=5105 16
t=5106 15
t=5109 16
t=5111 18
t=5112 18
t=5115 20
t=5118 21
t=5122 22
t=5124 23
t=5128 23
t=5130 23
t=5131 23
t=5133 23
t=5135 31
t=5138 1
t=5142 2
t=5145 6
t=5152 8
t=5153 7
t=5154 8
t=5156 8
t=5158 11
t=5161 12
t=5165 13
t=5167 13
t=5170 13
t=5172 16
t=5174 18
t=5176 18
t=5178 18
t=5182 21
t=5184 21
t=5187 24
t=5190 25
t=5194 26
t=5196 26
t=5199 27
t=5201 30
t=5206 0
t=5209 1
t=5212 1
t=5215 1
t=5216 1
t=5218 6
t=5222 7
t=5226 8
t=5229 9
t=5232 10
t=5234 11
t=5238 12
t=5240 13
t=5241 14
t=5242 16
t=5243 17
t=5246 17
t=5248 17
t=5250 17
t=5252 17
t=5253 17
t=5254 22
t=5259 22
t=5260 22
t=5261 26
t=5265 26
t=5268 28
t=5271 30
t=5275 31
t=5278 0
t=5283 2
t=5287 3
t=5289 3
t=5291 3
t=5293 3
t=5297 7
t=5304 9
t=5307 10
t=5310 10
t=5314 11
t=5316 14
t=5319 14
t=5323 16
t=5325 16
t=5328 19
t=5331 21
t=5336 20
t=5337 22
t=5341 23
t=5343 23
t=5344 25
t=5345 26
t=5349 26
t=5351 26
t=5352 26
t=5353 26
t=5361 31
t=5364 0
t=5371 2
t=5374 4
t=5377 6
t=5382 5
t=5383 7
t=5386 7
t=5388 8
t=5392 9
t=5396 11
t=5398 11
t=5400 11
t=5402 11
t=5405 15
t=5408 16
t=5410 16
t=5412 16
t=5414 16
t=5417 20
t=5419 21
t=5422 21
t=5424 21
t=5426 21
t=5428 21
t=5430 27
t=5434 27
t=5437 27
t=5438 27
t=5443 29
t=5446 0
t=5449 0
t=5452 3
t=5455 5
t=5460 3
t=5461 7
t=5466 8
t=5468 6
t=5469 9
t=5470 10
t=5473 10
t=5475 10
t=5476 10
t=5477 10
t=5481 15
t=5484 16
t=5488 17
t=5490 17
t=5493 17
t=5495 17
t=5496 20
t=5499 23
t=5502 23
t=5504 23
t=5508 26
t=5510 26
t=5513 29
t=5516 30
t=5519 30
t=5522 30
t=5523 30
t=5525 2
t=5528 2
t=5531 2
t=5535 5
t=5537 6
t=5539 6
t=5541 6
t=5543 6
t=5545 10
t=5549 11
t=5553 11
t=5554 13
t=5559 14
t=5561 13
t=5562 16
t=5563 17
t=5566 17
t=5568 17
t=5569 17
t=5571 19
t=5574 21
t=5576 21
t=5578 21
t=5580 21
t=5582 25
t=5586 26
t=5590 26
t=5591 26
t=5593 26
t=5594 26
t=5597 31
t=5600 0
t=5604 1
t=5607 2
t=5609 3
t=5612 4
t=5616 4
t=5617 4
t=5618 4
t=5619 4
t=5621 5
t=5622 5
t=5625 11
t=5628 13
t=5632 13
t=5635 15
t=5639 16
t=5642 17
t=5645 17
t=5647 17
t=5648 18
t=5650 19
t=5652 22
t=5654 25
t=5657 27
t=5661 27
t=5663 27
t=5666 27
t=5667 29
t=5670 0
t=5673 1
t=5677 2
t=5679 3
t=5684 5
t=5689 7
t=5692 8
t=5696 9
t=5699 10
t=5702 10
t=5703 12
t=5705 12
t=5706 15
t=5710 15
t=5713 15
t=5715 15
t=5716 15
t=5717 19
t=5720 19
t=5723 19
t=5725 19
t=5726 23
t=5728 26
t=5734 27
t=5735 28
t=5737 30
t=5741 31
t=5745 4
t=5749 4
t=5750 6
t=5755 4
t=5756 7
t=5758 8
t=5759 11
t=5765 9
t=5767 11
t=5768 13
t=5769 13
t=5772 16
t=5774 16
t=5776 18
t=5779 20
t=5784 19
t=5785 22
t=5787 23
t=5791 21
t=5792 23
t=5795 23
t=5796 23
t=5800 29
t=5803 29
t=5806 31
t=5810 0
t=5812 0
t=5815 0
t=5817 1
t=5820 5
t=5824 7
t=5827 9
t=5832 8
t=5833 9
t=5835 11
t=5838 11
t=5839 11
t=5843 16
t=5846 18
t=5851 17
t=5852 21
t=5858 18
t=5859 21
t=5861 21
t=5862 21
t=5863 26
t=5869 26
t=5870 26
t=5871 30
t=5875 30
t=5878 30
t=5880 30
t=5881 2
t=5884 4
t=5887 5
t=5890 7
t=5893 7
t=5896 9
t=5900 11
t=5904 10
t=5905 12
t=5907 12
t=5908 12
t=5911 14
t=5914 16
t=5916 16
t=5918 16
t=5920 16
t=5928 21
t=5932 23
t=5936 25
t=5939 27
t=5944 26
t=5945 27
t=5947 27
t=5948 29
t=5951 29
t=5953 29
t=5956 3
t=5959 29
t=5961 3
t=5963 6
t=5969 7
t=5971 7
t=5973 7
t=5974 7
t=5975 8
t=5978 12
t=5981 13
t=5985 15
t=5988 15
t=5990 15
t=5993 18
t=5996 20
t=5999 22
t=6004 21
t=6005 22
t=6008 22
t=6010 22
t=6012 25
t=6015 26
t=6018 28
t=6023 29
t=6025 29
t=6028 0
t=6031 1
t=6034 3
t=6038 3
t=6040 3
t=6041 3
t=6042 7
t=6047 8
t=6049 9
t=6050 11
