t=0 1
t=2 2
t=5 3
t=6 4
t=11 5
t=13 6
t=14 7
t=18 8
t=20 1
t=20 2
t=22 3
t=23 4
t=24 5
t=24 1
t=25 2
t=27 1
t=27 1
t=27 1
t=27 1
t=27 1
t=27 1
t=27 1
t=27 1
t=27 1
t=27 1
t=27 1
t=27 1
t=27 1
t=27 1
t=27 1
t=27 1
t=27 1
t=27 1
t=27 1
t=27 1
t=27 1
t=27 1
t=27 1
t=27 1
t=27 1
t=27 1
t=27 1
t=27 1
t=27 1
t=27 1
t=27 1
t=27 1
t=27 1
t=27 1
t=27 1
t=27 1
t=27 1
t=27 1
t=27 1
t=27 1
t=27 1
t=27 1
t=27 1
t=27 1
t=27 1
t=27 1
t=27 1
t=27 1
t=27 1
t=27 1
t=27 1
t=27 1
t=27 1
t=27 1
t=27 1
t=27 1
t=27 1
t=27 1
t=27 1
t=27 1
